# JRE version: OpenJDK Runtime Environment Temurin-21.0.10+7 (21.0.10+7) (build 21.0.10+7-LTS)
# Java VM: OpenJDK 64-Bit Server VM Temurin-21.0.10+7 (21.0.10+7-LTS, mixed mode, sharing, tiered, compressed oops, compressed class ptrs, g1 gc, windows-amd64)
GC Precious Log:
 CardTable entry size: 512
 Card Set container configuration: InlinePtr #cards 5 size 8 Array Of Cards #cards 12 size 40 Howl #buckets 4 coarsen threshold 1843 Howl Bitmap #cards 512 size 80 coarsen threshold 460 Card regions per heap region 1 cards per card region 2048
 CPUs: 12 total, 12 available
 Memory: 24297M
 Large Page Support: Disabled
 NUMA Support: Disabled
 Compressed Oops: Enabled (32-bit)
 Heap Region Size: 1M
 Heap Min Capacity: 256M
 Heap Initial Capacity: 256M
 Heap Max Capacity: 512M
 Pre-touch: Disabled
 Parallel Workers: 10
 Concurrent Workers: 3
 Concurrent Refinement Workers: 10
 Periodic GC: Disabled
Heap:
 garbage-first heap   total 262144K, used 102920K [0x00000000e0000000, 0x0000000100000000)
  region size 1024K, 89 young (91136K), 18 survivors (18432K)
 Metaspace       used 30639K, committed 31744K, reserved 278528K
  class space    used 4619K, committed 5184K, reserved 212992K
GC Heap History (8 events):
Event: 1.080 GC heap before
{Heap before GC invocations=0 (full 0):
 garbage-first heap   total 262144K, used 28672K [0x00000000e0000000, 0x0000000100000000)
  region size 1024K, 23 young (23552K), 0 survivors (0K)
 Metaspace       used 3114K, committed 3264K, reserved 278528K
  class space    used 402K, committed 448K, reserved 212992K
}
Event: 1.085 GC heap after
{Heap after GC invocations=1 (full 0):
 garbage-first heap   total 262144K, used 9013K [0x00000000e0000000, 0x0000000100000000)
  region size 1024K, 3 young (3072K), 3 survivors (3072K)
 Metaspace       used 3114K, committed 3264K, reserved 278528K
  class space    used 402K, committed 448K, reserved 212992K
}
Event: 4.590 GC heap before
{Heap before GC invocations=1 (full 0):
 garbage-first heap   total 262144K, used 38709K [0x00000000e0000000, 0x0000000100000000)
  region size 1024K, 32 young (32768K), 3 survivors (3072K)
 Metaspace       used 4004K, committed 4224K, reserved 278528K
  class space    used 494K, committed 640K, reserved 212992K
}
Event: 4.598 GC heap after
{Heap after GC invocations=2 (full 0):
 garbage-first heap   total 262144K, used 13569K [0x00000000e0000000, 0x0000000100000000)
  region size 1024K, 4 young (4096K), 4 survivors (4096K)
 Metaspace       used 4004K, committed 4224K, reserved 278528K
  class space    used 494K, committed 640K, reserved 212992K
}
Event: 17.528 GC heap before
{Heap before GC invocations=2 (full 0):
 garbage-first heap   total 262144K, used 104705K [0x00000000e0000000, 0x0000000100000000)
  region size 1024K, 94 young (96256K), 4 survivors (4096K)
 Metaspace       used 20854K, committed 21504K, reserved 278528K
  class space    used 3150K, committed 3456K, reserved 212992K
}
Event: 17.547 GC heap after
{Heap after GC invocations=3 (full 0):
 garbage-first heap   total 262144K, used 21518K [0x00000000e0000000, 0x0000000100000000)
  region size 1024K, 12 young (12288K), 12 survivors (12288K)
 Metaspace       used 20854K, committed 21504K, reserved 278528K
  class space    used 3150K, committed 3456K, reserved 212992K
}
Event: 22.440 GC heap before
{Heap before GC invocations=4 (full 0):
 garbage-first heap   total 262144K, used 164878K [0x00000000e0000000, 0x0000000100000000)
  region size 1024K, 153 young (156672K), 12 survivors (12288K)
 Metaspace       used 30407K, committed 31424K, reserved 278528K
  class space    used 4588K, committed 5056K, reserved 212992K
}
Event: 22.461 GC heap after
{Heap after GC invocations=5 (full 0):
 garbage-first heap   total 262144K, used 31240K [0x00000000e0000000, 0x0000000100000000)
  region size 1024K, 18 young (18432K), 18 survivors (18432K)
 Metaspace       used 30407K, committed 31424K, reserved 278528K
  class space    used 4588K, committed 5056K, reserved 212992K
}

