# JRE version: OpenJDK Runtime Environment Temurin-21.0.10+7 (21.0.10+7) (build 21.0.10+7-LTS)
# Java VM: OpenJDK 64-Bit Server VM Temurin-21.0.10+7 (21.0.10+7-LTS, mixed mode, sharing, tiered, compressed oops, compressed class ptrs, g1 gc, windows-amd64)
GC Precious Log:
 CardTable entry size: 512
 Card Set container configuration: InlinePtr #cards 5 size 8 Array Of Cards #cards 12 size 40 Howl #buckets 4 coarsen threshold 1843 Howl Bitmap #cards 512 size 80 coarsen threshold 460 Card regions per heap region 1 cards per card region 2048
 CPUs: 12 total, 12 available
 Memory: 24297M
 Large Page Support: Disabled
 NUMA Support: Disabled
 Compressed Oops: Enabled (32-bit)
 Heap Region Size: 1M
 Heap Min Capacity: 256M
 Heap Initial Capacity: 256M
 Heap Max Capacity: 512M
 Pre-touch: Disabled
 Parallel Workers: 10
 Concurrent Workers: 3
 Concurrent Refinement Workers: 10
 Periodic GC: Disabled
Heap:
 garbage-first heap   total 466944K, used 197954K [0x00000000e0000000, 0x0000000100000000)
  region size 1024K, 47 young (48128K), 27 survivors (27648K)
 Metaspace       used 89502K, committed 91520K, reserved 458752K
  class space    used 12059K, committed 13056K, reserved 327680K
GC Heap History (20 events):
Event: 275.674 GC heap before
{Heap before GC invocations=165 (full 0):
 garbage-first heap   total 464896K, used 430492K [0x00000000e0000000, 0x0000000100000000)
  region size 1024K, 231 young (236544K), 5 survivors (5120K)
 Metaspace       used 74757K, committed 76608K, reserved 458752K
  class space    used 10120K, committed 11008K, reserved 327680K
}
Event: 275.682 GC heap after
{Heap after GC invocations=166 (full 0):
 garbage-first heap   total 464896K, used 197108K [0x00000000e0000000, 0x0000000100000000)
  region size 1024K, 4 young (4096K), 4 survivors (4096K)
 Metaspace       used 74757K, committed 76608K, reserved 458752K
  class space    used 10120K, committed 11008K, reserved 327680K
}
Event: 276.156 GC heap before
{Heap before GC invocations=166 (full 0):
 garbage-first heap   total 464896K, used 431604K [0x00000000e0000000, 0x0000000100000000)
  region size 1024K, 234 young (239616K), 4 survivors (4096K)
 Metaspace       used 74757K, committed 76608K, reserved 458752K
  class space    used 10120K, committed 11008K, reserved 327680K
}
Event: 276.164 GC heap after
{Heap after GC invocations=167 (full 0):
 garbage-first heap   total 464896K, used 201441K [0x00000000e0000000, 0x0000000100000000)
  region size 1024K, 9 young (9216K), 9 survivors (9216K)
 Metaspace       used 74757K, committed 76608K, reserved 458752K
  class space    used 10120K, committed 11008K, reserved 327680K
}
Event: 276.536 GC heap before
{Heap before GC invocations=168 (full 0):
 garbage-first heap   total 464896K, used 435937K [0x00000000e0000000, 0x0000000100000000)
  region size 1024K, 241 young (246784K), 9 survivors (9216K)
 Metaspace       used 74632K, committed 76608K, reserved 458752K
  class space    used 10090K, committed 11008K, reserved 327680K
}
Event: 276.546 GC heap after
{Heap after GC invocations=169 (full 0):
 garbage-first heap   total 464896K, used 203072K [0x00000000e0000000, 0x0000000100000000)
  region size 1024K, 12 young (12288K), 12 survivors (12288K)
 Metaspace       used 74632K, committed 76608K, reserved 458752K
  class space    used 10090K, committed 11008K, reserved 327680K
}
Event: 276.811 GC heap before
{Heap before GC invocations=169 (full 0):
 garbage-first heap   total 464896K, used 438592K [0x00000000e0000000, 0x0000000100000000)
  region size 1024K, 244 young (249856K), 12 survivors (12288K)
 Metaspace       used 74632K, committed 76608K, reserved 458752K
  class space    used 10090K, committed 11008K, reserved 327680K
}
Event: 276.827 GC heap after
{Heap after GC invocations=170 (full 0):
 garbage-first heap   total 464896K, used 172429K [0x00000000e0000000, 0x0000000100000000)
  region size 1024K, 14 young (14336K), 14 survivors (14336K)
 Metaspace       used 74632K, committed 76608K, reserved 458752K
  class space    used 10090K, committed 11008K, reserved 327680K
}
Event: 276.987 GC heap before
{Heap before GC invocations=170 (full 0):
 garbage-first heap   total 464896K, used 311693K [0x00000000e0000000, 0x0000000100000000)
  region size 1024K, 152 young (155648K), 14 survivors (14336K)
 Metaspace       used 74632K, committed 76608K, reserved 458752K
  class space    used 10090K, committed 11008K, reserved 327680K
}
Event: 276.996 GC heap after
{Heap after GC invocations=171 (full 0):
 garbage-first heap   total 464896K, used 173853K [0x00000000e0000000, 0x0000000100000000)
  region size 1024K, 16 young (16384K), 16 survivors (16384K)
 Metaspace       used 74632K, committed 76608K, reserved 458752K
  class space    used 10090K, committed 11008K, reserved 327680K
}
Event: 277.383 GC heap before
{Heap before GC invocations=172 (full 0):
 garbage-first heap   total 464896K, used 438045K [0x00000000e0000000, 0x0000000100000000)
  region size 1024K, 273 young (279552K), 16 survivors (16384K)
 Metaspace       used 74632K, committed 76608K, reserved 458752K
  class space    used 10090K, committed 11008K, reserved 327680K
}
Event: 277.395 GC heap after
{Heap after GC invocations=173 (full 0):
 garbage-first heap   total 464896K, used 178470K [0x00000000e0000000, 0x0000000100000000)
  region size 1024K, 19 young (19456K), 19 survivors (19456K)
 Metaspace       used 74632K, committed 76608K, reserved 458752K
  class space    used 10090K, committed 11008K, reserved 327680K
}
Event: 277.972 GC heap before
{Heap before GC invocations=173 (full 0):
 garbage-first heap   total 464896K, used 436518K [0x00000000e0000000, 0x0000000100000000)
  region size 1024K, 272 young (278528K), 19 survivors (19456K)
 Metaspace       used 74636K, committed 76608K, reserved 458752K
  class space    used 10090K, committed 11008K, reserved 327680K
}
Event: 277.986 GC heap after
{Heap after GC invocations=174 (full 0):
 garbage-first heap   total 464896K, used 166695K [0x00000000e0000000, 0x0000000100000000)
  region size 1024K, 14 young (14336K), 14 survivors (14336K)
 Metaspace       used 74636K, committed 76608K, reserved 458752K
  class space    used 10090K, committed 11008K, reserved 327680K
}
Event: 278.200 GC heap before
{Heap before GC invocations=174 (full 0):
 garbage-first heap   total 464896K, used 193319K [0x00000000e0000000, 0x0000000100000000)
  region size 1024K, 41 young (41984K), 14 survivors (14336K)
 Metaspace       used 74636K, committed 76608K, reserved 458752K
  class space    used 10090K, committed 11008K, reserved 327680K
}
Event: 278.210 GC heap after
{Heap after GC invocations=175 (full 0):
 garbage-first heap   total 464896K, used 163576K [0x00000000e0000000, 0x0000000100000000)
  region size 1024K, 12 young (12288K), 12 survivors (12288K)
 Metaspace       used 74636K, committed 76608K, reserved 458752K
  class space    used 10090K, committed 11008K, reserved 327680K
}
Event: 279.554 GC heap before
{Heap before GC invocations=176 (full 0):
 garbage-first heap   total 464896K, used 431864K [0x00000000e0000000, 0x0000000100000000)
  region size 1024K, 272 young (278528K), 12 survivors (12288K)
 Metaspace       used 74638K, committed 76608K, reserved 458752K
  class space    used 10090K, committed 11008K, reserved 327680K
}
Event: 279.563 GC heap after
{Heap after GC invocations=177 (full 0):
 garbage-first heap   total 464896K, used 163978K [0x00000000e0000000, 0x0000000100000000)
  region size 1024K, 12 young (12288K), 12 survivors (12288K)
 Metaspace       used 74638K, committed 76608K, reserved 458752K
  class space    used 10090K, committed 11008K, reserved 327680K
}
Event: 284.648 GC heap before
{Heap before GC invocations=177 (full 0):
 garbage-first heap   total 464896K, used 434314K [0x00000000e0000000, 0x0000000100000000)
  region size 1024K, 272 young (278528K), 12 survivors (12288K)
 Metaspace       used 88025K, committed 89984K, reserved 458752K
  class space    used 11846K, committed 12800K, reserved 327680K
}
Event: 284.680 GC heap after
{Heap after GC invocations=178 (full 0):
 garbage-first heap   total 466944K, used 178498K [0x00000000e0000000, 0x0000000100000000)
  region size 1024K, 27 young (27648K), 27 survivors (27648K)
 Metaspace       used 88025K, committed 89984K, reserved 458752K
  class space    used 11846K, committed 12800K, reserved 327680K
}

