# JRE version: OpenJDK Runtime Environment Temurin-21.0.10+7 (21.0.10+7) (build 21.0.10+7-LTS)
# Java VM: OpenJDK 64-Bit Server VM Temurin-21.0.10+7 (21.0.10+7-LTS, mixed mode, sharing, tiered, compressed oops, compressed class ptrs, g1 gc, windows-amd64)
GC Precious Log:
 CardTable entry size: 512
 Card Set container configuration: InlinePtr #cards 5 size 8 Array Of Cards #cards 12 size 40 Howl #buckets 4 coarsen threshold 1843 Howl Bitmap #cards 512 size 80 coarsen threshold 460 Card regions per heap region 1 cards per card region 2048
 CPUs: 12 total, 12 available
 Memory: 24297M
 Large Page Support: Disabled
 NUMA Support: Disabled
 Compressed Oops: Enabled (32-bit)
 Heap Region Size: 1M
 Heap Min Capacity: 8M
 Heap Initial Capacity: 380M
 Heap Max Capacity: 2G
 Pre-touch: Disabled
 Parallel Workers: 10
 Concurrent Workers: 3
 Concurrent Refinement Workers: 10
 Periodic GC: Disabled
Heap:
 garbage-first heap   total 149504K, used 97057K [0x0000000080000000, 0x0000000100000000)
  region size 1024K, 5 young (5120K), 3 survivors (3072K)
 Metaspace       used 93054K, committed 95552K, reserved 557056K
  class space    used 13235K, committed 14464K, reserved 425984K
GC Heap History (20 events):
Event: 25.146 GC heap before
{Heap before GC invocations=29 (full 0):
 garbage-first heap   total 118784K, used 107863K [0x0000000080000000, 0x0000000100000000)
  region size 1024K, 40 young (40960K), 6 survivors (6144K)
 Metaspace       used 70753K, committed 72896K, reserved 491520K
  class space    used 10242K, committed 11264K, reserved 425984K
}
Event: 25.153 GC heap after
{Heap after GC invocations=30 (full 0):
 garbage-first heap   total 118784K, used 76885K [0x0000000080000000, 0x0000000100000000)
  region size 1024K, 5 young (5120K), 5 survivors (5120K)
 Metaspace       used 70753K, committed 72896K, reserved 491520K
  class space    used 10242K, committed 11264K, reserved 425984K
}
Event: 25.535 GC heap before
{Heap before GC invocations=31 (full 0):
 garbage-first heap   total 130048K, used 112725K [0x0000000080000000, 0x0000000100000000)
  region size 1024K, 35 young (35840K), 5 survivors (5120K)
 Metaspace       used 71495K, committed 73664K, reserved 491520K
  class space    used 10317K, committed 11328K, reserved 425984K
}
Event: 25.539 GC heap after
{Heap after GC invocations=32 (full 0):
 garbage-first heap   total 130048K, used 85127K [0x0000000080000000, 0x0000000100000000)
  region size 1024K, 5 young (5120K), 5 survivors (5120K)
 Metaspace       used 71495K, committed 73664K, reserved 491520K
  class space    used 10317K, committed 11328K, reserved 425984K
}
Event: 26.446 GC heap before
{Heap before GC invocations=32 (full 0):
 garbage-first heap   total 130048K, used 116871K [0x0000000080000000, 0x0000000100000000)
  region size 1024K, 36 young (36864K), 5 survivors (5120K)
 Metaspace       used 74187K, committed 76288K, reserved 491520K
  class space    used 10681K, committed 11712K, reserved 425984K
}
Event: 26.450 GC heap after
{Heap after GC invocations=33 (full 0):
 garbage-first heap   total 130048K, used 82129K [0x0000000080000000, 0x0000000100000000)
  region size 1024K, 2 young (2048K), 2 survivors (2048K)
 Metaspace       used 74187K, committed 76288K, reserved 491520K
  class space    used 10681K, committed 11712K, reserved 425984K
}
Event: 28.355 GC heap before
{Heap before GC invocations=33 (full 0):
 garbage-first heap   total 130048K, used 117969K [0x0000000080000000, 0x0000000100000000)
  region size 1024K, 37 young (37888K), 2 survivors (2048K)
 Metaspace       used 76130K, committed 78272K, reserved 557056K
  class space    used 10959K, committed 11968K, reserved 425984K
}
Event: 28.359 GC heap after
{Heap after GC invocations=34 (full 0):
 garbage-first heap   total 130048K, used 85908K [0x0000000080000000, 0x0000000100000000)
  region size 1024K, 5 young (5120K), 5 survivors (5120K)
 Metaspace       used 76130K, committed 78272K, reserved 557056K
  class space    used 10959K, committed 11968K, reserved 425984K
}
Event: 29.855 GC heap before
{Heap before GC invocations=35 (full 0):
 garbage-first heap   total 143360K, used 118676K [0x0000000080000000, 0x0000000100000000)
  region size 1024K, 37 young (37888K), 5 survivors (5120K)
 Metaspace       used 77743K, committed 79936K, reserved 557056K
  class space    used 11182K, committed 12224K, reserved 425984K
}
Event: 29.860 GC heap after
{Heap after GC invocations=36 (full 0):
 garbage-first heap   total 143360K, used 87128K [0x0000000080000000, 0x0000000100000000)
  region size 1024K, 4 young (4096K), 4 survivors (4096K)
 Metaspace       used 77743K, committed 79936K, reserved 557056K
  class space    used 11182K, committed 12224K, reserved 425984K
}
Event: 30.860 GC heap before
{Heap before GC invocations=36 (full 0):
 garbage-first heap   total 143360K, used 129112K [0x0000000080000000, 0x0000000100000000)
  region size 1024K, 45 young (46080K), 4 survivors (4096K)
 Metaspace       used 78528K, committed 80768K, reserved 557056K
  class space    used 11292K, committed 12352K, reserved 425984K
}
Event: 30.866 GC heap after
{Heap after GC invocations=37 (full 0):
 garbage-first heap   total 143360K, used 85201K [0x0000000080000000, 0x0000000100000000)
  region size 1024K, 3 young (3072K), 3 survivors (3072K)
 Metaspace       used 78528K, committed 80768K, reserved 557056K
  class space    used 11292K, committed 12352K, reserved 425984K
}
Event: 32.870 GC heap before
{Heap before GC invocations=37 (full 0):
 garbage-first heap   total 143360K, used 129233K [0x0000000080000000, 0x0000000100000000)
  region size 1024K, 46 young (47104K), 3 survivors (3072K)
 Metaspace       used 81880K, committed 84224K, reserved 557056K
  class space    used 11787K, committed 12928K, reserved 425984K
}
Event: 32.877 GC heap after
{Heap after GC invocations=38 (full 0):
 garbage-first heap   total 143360K, used 88683K [0x0000000080000000, 0x0000000100000000)
  region size 1024K, 6 young (6144K), 6 survivors (6144K)
 Metaspace       used 81880K, committed 84224K, reserved 557056K
  class space    used 11787K, committed 12928K, reserved 425984K
}
Event: 35.420 GC heap before
{Heap before GC invocations=39 (full 0):
 garbage-first heap   total 148480K, used 129643K [0x0000000080000000, 0x0000000100000000)
  region size 1024K, 47 young (48128K), 6 survivors (6144K)
 Metaspace       used 84848K, committed 87232K, reserved 557056K
  class space    used 12355K, committed 13504K, reserved 425984K
}
Event: 35.428 GC heap after
{Heap after GC invocations=40 (full 0):
 garbage-first heap   total 148480K, used 94052K [0x0000000080000000, 0x0000000100000000)
  region size 1024K, 6 young (6144K), 6 survivors (6144K)
 Metaspace       used 84848K, committed 87232K, reserved 557056K
  class space    used 12355K, committed 13504K, reserved 425984K
}
Event: 36.418 GC heap before
{Heap before GC invocations=40 (full 0):
 garbage-first heap   total 148480K, used 135012K [0x0000000080000000, 0x0000000100000000)
  region size 1024K, 45 young (46080K), 6 survivors (6144K)
 Metaspace       used 88528K, committed 90944K, reserved 557056K
  class space    used 12679K, committed 13824K, reserved 425984K
}
Event: 36.427 GC heap after
{Heap after GC invocations=41 (full 0):
 garbage-first heap   total 149504K, used 96194K [0x0000000080000000, 0x0000000100000000)
  region size 1024K, 6 young (6144K), 6 survivors (6144K)
 Metaspace       used 88528K, committed 90944K, reserved 557056K
  class space    used 12679K, committed 13824K, reserved 425984K
}
Event: 47.992 GC heap before
{Heap before GC invocations=41 (full 0):
 garbage-first heap   total 149504K, used 133058K [0x0000000080000000, 0x0000000100000000)
  region size 1024K, 43 young (44032K), 6 survivors (6144K)
 Metaspace       used 93130K, committed 95552K, reserved 557056K
  class space    used 13252K, committed 14464K, reserved 425984K
}
Event: 47.997 GC heap after
{Heap after GC invocations=42 (full 0):
 garbage-first heap   total 149504K, used 96033K [0x0000000080000000, 0x0000000100000000)
  region size 1024K, 3 young (3072K), 3 survivors (3072K)
 Metaspace       used 93130K, committed 95552K, reserved 557056K
  class space    used 13252K, committed 14464K, reserved 425984K
}

