# JRE version: OpenJDK Runtime Environment Temurin-21.0.10+7 (21.0.10+7) (build 21.0.10+7-LTS)
# Java VM: OpenJDK 64-Bit Server VM Temurin-21.0.10+7 (21.0.10+7-LTS, mixed mode, sharing, tiered, compressed oops, compressed class ptrs, g1 gc, windows-amd64)
GC Precious Log:
 CardTable entry size: 512
 Card Set container configuration: InlinePtr #cards 5 size 8 Array Of Cards #cards 12 size 40 Howl #buckets 4 coarsen threshold 1843 Howl Bitmap #cards 512 size 80 coarsen threshold 460 Card regions per heap region 1 cards per card region 2048
 CPUs: 12 total, 12 available
 Memory: 24297M
 Large Page Support: Disabled
 NUMA Support: Disabled
 Compressed Oops: Enabled (32-bit)
 Heap Region Size: 1M
 Heap Min Capacity: 8M
 Heap Initial Capacity: 380M
 Heap Max Capacity: 2G
 Pre-touch: Disabled
 Parallel Workers: 10
 Concurrent Workers: 3
 Concurrent Refinement Workers: 10
 Periodic GC: Disabled
Heap:
 garbage-first heap   total 106496K, used 53022K [0x0000000080000000, 0x0000000100000000)
  region size 1024K, 42 young (43008K), 17 survivors (17408K)
 Metaspace       used 33147K, committed 34432K, reserved 491520K
  class space    used 4983K, committed 5632K, reserved 425984K
GC Heap History (8 events):
Event: 0.607 GC heap before
{Heap before GC invocations=0 (full 0):
 garbage-first heap   total 389120K, used 26624K [0x0000000080000000, 0x0000000100000000)
  region size 1024K, 23 young (23552K), 0 survivors (0K)
 Metaspace       used 1108K, committed 1216K, reserved 491520K
  class space    used 82K, committed 128K, reserved 425984K
}
Event: 0.611 GC heap after
{Heap after GC invocations=1 (full 0):
 garbage-first heap   total 389120K, used 10160K [0x0000000080000000, 0x0000000100000000)
  region size 1024K, 3 young (3072K), 3 survivors (3072K)
 Metaspace       used 1108K, committed 1216K, reserved 491520K
  class space    used 82K, committed 128K, reserved 425984K
}
Event: 1.302 GC heap before
{Heap before GC invocations=1 (full 0):
 garbage-first heap   total 389120K, used 40880K [0x0000000080000000, 0x0000000100000000)
  region size 1024K, 33 young (33792K), 3 survivors (3072K)
 Metaspace       used 4293K, committed 4480K, reserved 491520K
  class space    used 547K, committed 640K, reserved 425984K
}
Event: 1.305 GC heap after
{Heap after GC invocations=2 (full 0):
 garbage-first heap   total 389120K, used 11975K [0x0000000080000000, 0x0000000100000000)
  region size 1024K, 2 young (2048K), 2 survivors (2048K)
 Metaspace       used 4293K, committed 4480K, reserved 491520K
  class space    used 547K, committed 640K, reserved 425984K
}
Event: 4.542 GC heap before
{Heap before GC invocations=2 (full 0):
 garbage-first heap   total 389120K, used 146119K [0x0000000080000000, 0x0000000100000000)
  region size 1024K, 132 young (135168K), 2 survivors (2048K)
 Metaspace       used 20831K, committed 21504K, reserved 491520K
  class space    used 3077K, committed 3392K, reserved 425984K
}
Event: 4.554 GC heap after
{Heap after GC invocations=3 (full 0):
 garbage-first heap   total 389120K, used 25059K [0x0000000080000000, 0x0000000100000000)
  region size 1024K, 14 young (14336K), 14 survivors (14336K)
 Metaspace       used 20831K, committed 21504K, reserved 491520K
  class space    used 3077K, committed 3392K, reserved 425984K
}
Event: 5.811 GC heap before
{Heap before GC invocations=4 (full 0):
 garbage-first heap   total 89088K, used 87523K [0x0000000080000000, 0x0000000100000000)
  region size 1024K, 75 young (76800K), 14 survivors (14336K)
 Metaspace       used 28523K, committed 29824K, reserved 491520K
  class space    used 4363K, committed 4992K, reserved 425984K
}
Event: 5.821 GC heap after
{Heap after GC invocations=5 (full 0):
 garbage-first heap   total 106496K, used 28446K [0x0000000080000000, 0x0000000100000000)
  region size 1024K, 17 young (17408K), 17 survivors (17408K)
 Metaspace       used 28523K, committed 29824K, reserved 491520K
  class space    used 4363K, committed 4992K, reserved 425984K
}

