# JRE version: OpenJDK Runtime Environment Temurin-17.0.18+8 (17.0.18+8) (build 17.0.18+8)
# Java VM: OpenJDK 64-Bit Server VM Temurin-17.0.18+8 (17.0.18+8, mixed mode, sharing, tiered, compressed oops, compressed class ptrs, g1 gc, windows-amd64)
GC Precious Log:
 CPUs: 12 total, 12 available
 Memory: 24297M
 Large Page Support: Disabled
 NUMA Support: Disabled
 Compressed Oops: Enabled (32-bit)
 Heap Region Size: 1M
 Heap Min Capacity: 8M
 Heap Initial Capacity: 380M
 Heap Max Capacity: 2G
 Pre-touch: Disabled
 Parallel Workers: 10
 Concurrent Workers: 3
 Concurrent Refinement Workers: 10
 Periodic GC: Disabled
Heap:
 garbage-first heap   total 94208K, used 70556K [0x0000000080000000, 0x0000000100000000)
  region size 1024K, 16 young (16384K), 1 survivors (1024K)
 Metaspace       used 57387K, committed 58176K, reserved 491520K
  class space    used 8021K, committed 8384K, reserved 425984K
GC Heap History (20 events):
Event: 20.745 GC heap before
{Heap before GC invocations=16 (full 0):
 garbage-first heap   total 89088K, used 72368K [0x0000000080000000, 0x0000000100000000)
  region size 1024K, 33 young (33792K), 4 survivors (4096K)
 Metaspace       used 47927K, committed 48576K, reserved 491520K
  class space    used 6677K, committed 6976K, reserved 425984K
}
Event: 20.749 GC heap after
{Heap after GC invocations=17 (full 0):
 garbage-first heap   total 89088K, used 44518K [0x0000000080000000, 0x0000000100000000)
  region size 1024K, 5 young (5120K), 5 survivors (5120K)
 Metaspace       used 47927K, committed 48576K, reserved 491520K
  class space    used 6677K, committed 6976K, reserved 425984K
}
Event: 22.101 GC heap before
{Heap before GC invocations=17 (full 0):
 garbage-first heap   total 89088K, used 72166K [0x0000000080000000, 0x0000000100000000)
  region size 1024K, 32 young (32768K), 5 survivors (5120K)
 Metaspace       used 50732K, committed 51392K, reserved 491520K
  class space    used 7064K, committed 7360K, reserved 425984K
}
Event: 22.107 GC heap after
{Heap after GC invocations=18 (full 0):
 garbage-first heap   total 89088K, used 46255K [0x0000000080000000, 0x0000000100000000)
  region size 1024K, 4 young (4096K), 4 survivors (4096K)
 Metaspace       used 50732K, committed 51392K, reserved 491520K
  class space    used 7064K, committed 7360K, reserved 425984K
}
Event: 22.687 GC heap before
{Heap before GC invocations=19 (full 0):
 garbage-first heap   total 89088K, used 71855K [0x0000000080000000, 0x0000000100000000)
  region size 1024K, 30 young (30720K), 4 survivors (4096K)
 Metaspace       used 52052K, committed 52736K, reserved 491520K
  class space    used 7247K, committed 7552K, reserved 425984K
}
Event: 22.692 GC heap after
{Heap after GC invocations=20 (full 0):
 garbage-first heap   total 89088K, used 47328K [0x0000000080000000, 0x0000000100000000)
  region size 1024K, 3 young (3072K), 3 survivors (3072K)
 Metaspace       used 52052K, committed 52736K, reserved 491520K
  class space    used 7247K, committed 7552K, reserved 425984K
}
Event: 22.695 GC heap before
{Heap before GC invocations=20 (full 0):
 garbage-first heap   total 89088K, used 48352K [0x0000000080000000, 0x0000000100000000)
  region size 1024K, 4 young (4096K), 3 survivors (3072K)
 Metaspace       used 52052K, committed 52736K, reserved 491520K
  class space    used 7247K, committed 7552K, reserved 425984K
}
Event: 22.698 GC heap after
{Heap after GC invocations=21 (full 0):
 garbage-first heap   total 89088K, used 47055K [0x0000000080000000, 0x0000000100000000)
  region size 1024K, 1 young (1024K), 1 survivors (1024K)
 Metaspace       used 52052K, committed 52736K, reserved 491520K
  class space    used 7247K, committed 7552K, reserved 425984K
}
Event: 23.272 GC heap before
{Heap before GC invocations=21 (full 0):
 garbage-first heap   total 89088K, used 72655K [0x0000000080000000, 0x0000000100000000)
  region size 1024K, 27 young (27648K), 1 survivors (1024K)
 Metaspace       used 53928K, committed 54528K, reserved 491520K
  class space    used 7529K, committed 7808K, reserved 425984K
}
Event: 23.276 GC heap after
{Heap after GC invocations=22 (full 0):
 garbage-first heap   total 89088K, used 48836K [0x0000000080000000, 0x0000000100000000)
  region size 1024K, 3 young (3072K), 3 survivors (3072K)
 Metaspace       used 53928K, committed 54528K, reserved 491520K
  class space    used 7529K, committed 7808K, reserved 425984K
}
Event: 23.899 GC heap before
{Heap before GC invocations=23 (full 0):
 garbage-first heap   total 89088K, used 73412K [0x0000000080000000, 0x0000000100000000)
  region size 1024K, 27 young (27648K), 3 survivors (3072K)
 Metaspace       used 55556K, committed 56320K, reserved 491520K
  class space    used 7775K, committed 8128K, reserved 425984K
}
Event: 23.903 GC heap after
{Heap after GC invocations=24 (full 0):
 garbage-first heap   total 89088K, used 50927K [0x0000000080000000, 0x0000000100000000)
  region size 1024K, 4 young (4096K), 4 survivors (4096K)
 Metaspace       used 55556K, committed 56320K, reserved 491520K
  class space    used 7775K, committed 8128K, reserved 425984K
}
Event: 23.923 GC heap before
{Heap before GC invocations=24 (full 0):
 garbage-first heap   total 89088K, used 51951K [0x0000000080000000, 0x0000000100000000)
  region size 1024K, 5 young (5120K), 4 survivors (4096K)
 Metaspace       used 55620K, committed 56320K, reserved 491520K
  class space    used 7779K, committed 8128K, reserved 425984K
}
Event: 23.927 GC heap after
{Heap after GC invocations=25 (full 0):
 garbage-first heap   total 89088K, used 50757K [0x0000000080000000, 0x0000000100000000)
  region size 1024K, 1 young (1024K), 1 survivors (1024K)
 Metaspace       used 55620K, committed 56320K, reserved 491520K
  class space    used 7779K, committed 8128K, reserved 425984K
}
Event: 24.783 GC heap before
{Heap before GC invocations=25 (full 0):
 garbage-first heap   total 89088K, used 73285K [0x0000000080000000, 0x0000000100000000)
  region size 1024K, 23 young (23552K), 1 survivors (1024K)
 Metaspace       used 56956K, committed 57728K, reserved 491520K
  class space    used 8000K, committed 8384K, reserved 425984K
}
Event: 24.787 GC heap after
{Heap after GC invocations=26 (full 0):
 garbage-first heap   total 89088K, used 52583K [0x0000000080000000, 0x0000000100000000)
  region size 1024K, 3 young (3072K), 3 survivors (3072K)
 Metaspace       used 56956K, committed 57728K, reserved 491520K
  class space    used 8000K, committed 8384K, reserved 425984K
}
Event: 25.158 GC heap before
{Heap before GC invocations=27 (full 0):
 garbage-first heap   total 94208K, used 72039K [0x0000000080000000, 0x0000000100000000)
  region size 1024K, 22 young (22528K), 3 survivors (3072K)
 Metaspace       used 57125K, committed 57920K, reserved 491520K
  class space    used 8000K, committed 8384K, reserved 425984K
}
Event: 25.164 GC heap after
{Heap after GC invocations=28 (full 0):
 garbage-first heap   total 94208K, used 56043K [0x0000000080000000, 0x0000000100000000)
  region size 1024K, 3 young (3072K), 3 survivors (3072K)
 Metaspace       used 57125K, committed 57920K, reserved 491520K
  class space    used 8000K, committed 8384K, reserved 425984K
}
Event: 25.191 GC heap before
{Heap before GC invocations=28 (full 0):
 garbage-first heap   total 94208K, used 56043K [0x0000000080000000, 0x0000000100000000)
  region size 1024K, 4 young (4096K), 3 survivors (3072K)
 Metaspace       used 57132K, committed 57920K, reserved 491520K
  class space    used 8000K, committed 8384K, reserved 425984K
}
Event: 25.196 GC heap after
{Heap after GC invocations=29 (full 0):
 garbage-first heap   total 94208K, used 56220K [0x0000000080000000, 0x0000000100000000)
  region size 1024K, 1 young (1024K), 1 survivors (1024K)
 Metaspace       used 57132K, committed 57920K, reserved 491520K
  class space    used 8000K, committed 8384K, reserved 425984K
}

