# JRE version: OpenJDK Runtime Environment Temurin-21.0.10+7 (21.0.10+7) (build 21.0.10+7-LTS)
# Java VM: OpenJDK 64-Bit Server VM Temurin-21.0.10+7 (21.0.10+7-LTS, mixed mode, sharing, tiered, compressed oops, compressed class ptrs, g1 gc, windows-amd64)
GC Precious Log:
 CardTable entry size: 512
 Card Set container configuration: InlinePtr #cards 5 size 8 Array Of Cards #cards 12 size 40 Howl #buckets 4 coarsen threshold 1843 Howl Bitmap #cards 512 size 80 coarsen threshold 460 Card regions per heap region 1 cards per card region 2048
 CPUs: 12 total, 12 available
 Memory: 24297M
 Large Page Support: Disabled
 NUMA Support: Disabled
 Compressed Oops: Enabled (32-bit)
 Heap Region Size: 1M
 Heap Min Capacity: 256M
 Heap Initial Capacity: 256M
 Heap Max Capacity: 512M
 Pre-touch: Disabled
 Parallel Workers: 10
 Concurrent Workers: 3
 Concurrent Refinement Workers: 10
 Periodic GC: Disabled
Heap:
 garbage-first heap   total 262144K, used 203833K [0x00000000e0000000, 0x0000000100000000)
  region size 1024K, 117 young (119808K), 11 survivors (11264K)
 Metaspace       used 67860K, committed 69760K, reserved 393216K
  class space    used 9633K, committed 10560K, reserved 327680K
GC Heap History (20 events):
Event: 0.572 GC heap before
{Heap before GC invocations=0 (full 0):
 garbage-first heap   total 262144K, used 26624K [0x00000000e0000000, 0x0000000100000000)
  region size 1024K, 23 young (23552K), 0 survivors (0K)
 Metaspace       used 1109K, committed 1216K, reserved 393216K
  class space    used 81K, committed 128K, reserved 327680K
}
Event: 0.576 GC heap after
{Heap after GC invocations=1 (full 0):
 garbage-first heap   total 262144K, used 10319K [0x00000000e0000000, 0x0000000100000000)
  region size 1024K, 3 young (3072K), 3 survivors (3072K)
 Metaspace       used 1109K, committed 1216K, reserved 393216K
  class space    used 81K, committed 128K, reserved 327680K
}
Event: 1.288 GC heap before
{Heap before GC invocations=1 (full 0):
 garbage-first heap   total 262144K, used 41039K [0x00000000e0000000, 0x0000000100000000)
  region size 1024K, 33 young (33792K), 3 survivors (3072K)
 Metaspace       used 4268K, committed 4416K, reserved 393216K
  class space    used 545K, committed 640K, reserved 327680K
}
Event: 1.292 GC heap after
{Heap after GC invocations=2 (full 0):
 garbage-first heap   total 262144K, used 11794K [0x00000000e0000000, 0x0000000100000000)
  region size 1024K, 2 young (2048K), 2 survivors (2048K)
 Metaspace       used 4268K, committed 4416K, reserved 393216K
  class space    used 545K, committed 640K, reserved 327680K
}
Event: 3.941 GC heap before
{Heap before GC invocations=2 (full 0):
 garbage-first heap   total 262144K, used 144914K [0x00000000e0000000, 0x0000000100000000)
  region size 1024K, 131 young (134144K), 2 survivors (2048K)
 Metaspace       used 20817K, committed 21504K, reserved 393216K
  class space    used 3077K, committed 3392K, reserved 327680K
}
Event: 3.950 GC heap after
{Heap after GC invocations=3 (full 0):
 garbage-first heap   total 262144K, used 24711K [0x00000000e0000000, 0x0000000100000000)
  region size 1024K, 14 young (14336K), 14 survivors (14336K)
 Metaspace       used 20817K, committed 21504K, reserved 393216K
  class space    used 3077K, committed 3392K, reserved 327680K
}
Event: 5.667 GC heap before
{Heap before GC invocations=4 (full 0):
 garbage-first heap   total 262144K, used 114823K [0x00000000e0000000, 0x0000000100000000)
  region size 1024K, 104 young (106496K), 14 survivors (14336K)
 Metaspace       used 34747K, committed 35968K, reserved 393216K
  class space    used 5147K, committed 5760K, reserved 327680K
}
Event: 5.678 GC heap after
{Heap after GC invocations=5 (full 0):
 garbage-first heap   total 262144K, used 32337K [0x00000000e0000000, 0x0000000100000000)
  region size 1024K, 8 young (8192K), 8 survivors (8192K)
 Metaspace       used 34747K, committed 35968K, reserved 393216K
  class space    used 5147K, committed 5760K, reserved 327680K
}
Event: 7.878 GC heap before
{Heap before GC invocations=6 (full 0):
 garbage-first heap   total 262144K, used 186961K [0x00000000e0000000, 0x0000000100000000)
  region size 1024K, 153 young (156672K), 8 survivors (8192K)
 Metaspace       used 48400K, committed 50112K, reserved 393216K
  class space    used 7026K, committed 7872K, reserved 327680K
}
Event: 7.891 GC heap after
{Heap after GC invocations=7 (full 0):
 garbage-first heap   total 262144K, used 44723K [0x00000000e0000000, 0x0000000100000000)
  region size 1024K, 20 young (20480K), 20 survivors (20480K)
 Metaspace       used 48400K, committed 50112K, reserved 393216K
  class space    used 7026K, committed 7872K, reserved 327680K
}
Event: 8.671 GC heap before
{Heap before GC invocations=7 (full 0):
 garbage-first heap   total 262144K, used 179891K [0x00000000e0000000, 0x0000000100000000)
  region size 1024K, 153 young (156672K), 20 survivors (20480K)
 Metaspace       used 49989K, committed 51584K, reserved 393216K
  class space    used 7205K, committed 8000K, reserved 327680K
}
Event: 8.684 GC heap after
{Heap after GC invocations=8 (full 0):
 garbage-first heap   total 262144K, used 51084K [0x00000000e0000000, 0x0000000100000000)
  region size 1024K, 9 young (9216K), 9 survivors (9216K)
 Metaspace       used 49989K, committed 51584K, reserved 393216K
  class space    used 7205K, committed 8000K, reserved 327680K
}
Event: 10.830 GC heap before
{Heap before GC invocations=8 (full 0):
 garbage-first heap   total 262144K, used 206732K [0x00000000e0000000, 0x0000000100000000)
  region size 1024K, 153 young (156672K), 9 survivors (9216K)
 Metaspace       used 55317K, committed 57024K, reserved 393216K
  class space    used 8025K, committed 8896K, reserved 327680K
}
Event: 10.842 GC heap after
{Heap after GC invocations=9 (full 0):
 garbage-first heap   total 262144K, used 76800K [0x00000000e0000000, 0x0000000100000000)
  region size 1024K, 20 young (20480K), 20 survivors (20480K)
 Metaspace       used 55317K, committed 57024K, reserved 393216K
  class space    used 8025K, committed 8896K, reserved 327680K
}
Event: 13.477 GC heap before
{Heap before GC invocations=9 (full 0):
 garbage-first heap   total 262144K, used 211968K [0x00000000e0000000, 0x0000000100000000)
  region size 1024K, 153 young (156672K), 20 survivors (20480K)
 Metaspace       used 56084K, committed 57792K, reserved 393216K
  class space    used 8106K, committed 8960K, reserved 327680K
}
Event: 13.489 GC heap after
{Heap after GC invocations=10 (full 0):
 garbage-first heap   total 262144K, used 86308K [0x00000000e0000000, 0x0000000100000000)
  region size 1024K, 11 young (11264K), 11 survivors (11264K)
 Metaspace       used 56084K, committed 57792K, reserved 393216K
  class space    used 8106K, committed 8960K, reserved 327680K
}
Event: 15.819 GC heap before
{Heap before GC invocations=10 (full 0):
 garbage-first heap   total 262144K, used 223524K [0x00000000e0000000, 0x0000000100000000)
  region size 1024K, 143 young (146432K), 11 survivors (11264K)
 Metaspace       used 57915K, committed 59776K, reserved 393216K
  class space    used 8330K, committed 9216K, reserved 327680K
}
Event: 15.826 GC heap after
{Heap after GC invocations=11 (full 0):
 garbage-first heap   total 262144K, used 95561K [0x00000000e0000000, 0x0000000100000000)
  region size 1024K, 11 young (11264K), 11 survivors (11264K)
 Metaspace       used 57915K, committed 59776K, reserved 393216K
  class space    used 8330K, committed 9216K, reserved 327680K
}
Event: 15.929 GC heap before
{Heap before GC invocations=11 (full 0):
 garbage-first heap   total 262144K, used 99657K [0x00000000e0000000, 0x0000000100000000)
  region size 1024K, 16 young (16384K), 11 survivors (11264K)
 Metaspace       used 58301K, committed 60096K, reserved 393216K
  class space    used 8385K, committed 9280K, reserved 327680K
}
Event: 15.933 GC heap after
{Heap after GC invocations=12 (full 0):
 garbage-first heap   total 262144K, used 95289K [0x00000000e0000000, 0x0000000100000000)
  region size 1024K, 11 young (11264K), 11 survivors (11264K)
 Metaspace       used 58301K, committed 60096K, reserved 393216K
  class space    used 8385K, committed 9280K, reserved 327680K
}

