# JRE version: OpenJDK Runtime Environment Temurin-21.0.10+7 (21.0.10+7) (build 21.0.10+7-LTS)
# Java VM: OpenJDK 64-Bit Server VM Temurin-21.0.10+7 (21.0.10+7-LTS, mixed mode, sharing, tiered, compressed oops, compressed class ptrs, parallel gc, windows-amd64)
GC Precious Log:
 CardTable entry size: 512
 CPUs: 12 total, 12 available
 Memory: 24297M
 Large Page Support: Disabled
 NUMA Support: Disabled
 Compressed Oops: Enabled (32-bit)
 Alignments: Space 512K, Generation 512K, Heap 2M
 Heap Min Capacity: 100M
 Heap Initial Capacity: 100M
 Heap Max Capacity: 2G
 Pre-touch: Disabled
 Parallel Workers: 10
Heap:
 PSYoungGen      total 9216K, used 7035K [0x00000000d5580000, 0x00000000d5f00000, 0x0000000100000000)
  eden space 8704K, 79% used [0x00000000d5580000,0x00000000d5c3ede0,0x00000000d5e00000)
  from space 512K, 25% used [0x00000000d5e00000,0x00000000d5e20000,0x00000000d5e80000)
  to   space 512K, 0% used [0x00000000d5e80000,0x00000000d5e80000,0x00000000d5f00000)
 ParOldGen       total 1398272K, used 1397012K [0x0000000080000000, 0x00000000d5580000, 0x00000000d5580000)
  object space 1398272K, 99% used [0x0000000080000000,0x00000000d5445280,0x00000000d5580000)
 Metaspace       used 101272K, committed 103424K, reserved 1179648K
  class space    used 13358K, committed 14336K, reserved 1048576K
GC Heap History (20 events):
Event: 681.656 GC heap after
{Heap after GC invocations=1629 (full 9):
 PSYoungGen      total 9216K, used 192K [0x00000000d5580000, 0x00000000d5f00000, 0x0000000100000000)
  eden space 8704K, 0% used [0x00000000d5580000,0x00000000d5580000,0x00000000d5e00000)
  from space 512K, 37% used [0x00000000d5e00000,0x00000000d5e30000,0x00000000d5e80000)
  to   space 512K, 0% used [0x00000000d5e80000,0x00000000d5e80000,0x00000000d5f00000)
 ParOldGen       total 1398272K, used 1396500K [0x0000000080000000, 0x00000000d5580000, 0x00000000d5580000)
  object space 1398272K, 99% used [0x0000000080000000,0x00000000d53c5280,0x00000000d5580000)
 Metaspace       used 101272K, committed 103424K, reserved 1179648K
  class space    used 13358K, committed 14336K, reserved 1048576K
}
Event: 681.667 GC heap before
{Heap before GC invocations=1630 (full 9):
 PSYoungGen      total 9216K, used 7095K [0x00000000d5580000, 0x00000000d5f00000, 0x0000000100000000)
  eden space 8704K, 79% used [0x00000000d5580000,0x00000000d5c3ddb0,0x00000000d5e00000)
  from space 512K, 37% used [0x00000000d5e00000,0x00000000d5e30000,0x00000000d5e80000)
  to   space 512K, 0% used [0x00000000d5e80000,0x00000000d5e80000,0x00000000d5f00000)
 ParOldGen       total 1398272K, used 1396500K [0x0000000080000000, 0x00000000d5580000, 0x00000000d5580000)
  object space 1398272K, 99% used [0x0000000080000000,0x00000000d53c5280,0x00000000d5580000)
 Metaspace       used 101272K, committed 103424K, reserved 1179648K
  class space    used 13358K, committed 14336K, reserved 1048576K
}
Event: 681.668 GC heap after
{Heap after GC invocations=1630 (full 9):
 PSYoungGen      total 9216K, used 160K [0x00000000d5580000, 0x00000000d5f00000, 0x0000000100000000)
  eden space 8704K, 0% used [0x00000000d5580000,0x00000000d5580000,0x00000000d5e00000)
  from space 512K, 31% used [0x00000000d5e80000,0x00000000d5ea8000,0x00000000d5f00000)
  to   space 512K, 0% used [0x00000000d5e00000,0x00000000d5e00000,0x00000000d5e80000)
 ParOldGen       total 1398272K, used 1396532K [0x0000000080000000, 0x00000000d5580000, 0x00000000d5580000)
  object space 1398272K, 99% used [0x0000000080000000,0x00000000d53cd280,0x00000000d5580000)
 Metaspace       used 101272K, committed 103424K, reserved 1179648K
  class space    used 13358K, committed 14336K, reserved 1048576K
}
Event: 681.678 GC heap before
{Heap before GC invocations=1631 (full 9):
 PSYoungGen      total 9216K, used 7064K [0x00000000d5580000, 0x00000000d5f00000, 0x0000000100000000)
  eden space 8704K, 79% used [0x00000000d5580000,0x00000000d5c3e3e8,0x00000000d5e00000)
  from space 512K, 31% used [0x00000000d5e80000,0x00000000d5ea8000,0x00000000d5f00000)
  to   space 512K, 0% used [0x00000000d5e00000,0x00000000d5e00000,0x00000000d5e80000)
 ParOldGen       total 1398272K, used 1396532K [0x0000000080000000, 0x00000000d5580000, 0x00000000d5580000)
  object space 1398272K, 99% used [0x0000000080000000,0x00000000d53cd280,0x00000000d5580000)
 Metaspace       used 101272K, committed 103424K, reserved 1179648K
  class space    used 13358K, committed 14336K, reserved 1048576K
}
Event: 681.679 GC heap after
{Heap after GC invocations=1631 (full 9):
 PSYoungGen      total 9216K, used 128K [0x00000000d5580000, 0x00000000d5f00000, 0x0000000100000000)
  eden space 8704K, 0% used [0x00000000d5580000,0x00000000d5580000,0x00000000d5e00000)
  from space 512K, 25% used [0x00000000d5e00000,0x00000000d5e20000,0x00000000d5e80000)
  to   space 512K, 0% used [0x00000000d5e80000,0x00000000d5e80000,0x00000000d5f00000)
 ParOldGen       total 1398272K, used 1396580K [0x0000000080000000, 0x00000000d5580000, 0x00000000d5580000)
  object space 1398272K, 99% used [0x0000000080000000,0x00000000d53d9280,0x00000000d5580000)
 Metaspace       used 101272K, committed 103424K, reserved 1179648K
  class space    used 13358K, committed 14336K, reserved 1048576K
}
Event: 681.687 GC heap before
{Heap before GC invocations=1632 (full 9):
 PSYoungGen      total 9216K, used 7034K [0x00000000d5580000, 0x00000000d5f00000, 0x0000000100000000)
  eden space 8704K, 79% used [0x00000000d5580000,0x00000000d5c3e800,0x00000000d5e00000)
  from space 512K, 25% used [0x00000000d5e00000,0x00000000d5e20000,0x00000000d5e80000)
  to   space 512K, 0% used [0x00000000d5e80000,0x00000000d5e80000,0x00000000d5f00000)
 ParOldGen       total 1398272K, used 1396580K [0x0000000080000000, 0x00000000d5580000, 0x00000000d5580000)
  object space 1398272K, 99% used [0x0000000080000000,0x00000000d53d9280,0x00000000d5580000)
 Metaspace       used 101272K, committed 103424K, reserved 1179648K
  class space    used 13358K, committed 14336K, reserved 1048576K
}
Event: 681.688 GC heap after
{Heap after GC invocations=1632 (full 9):
 PSYoungGen      total 9216K, used 160K [0x00000000d5580000, 0x00000000d5f00000, 0x0000000100000000)
  eden space 8704K, 0% used [0x00000000d5580000,0x00000000d5580000,0x00000000d5e00000)
  from space 512K, 31% used [0x00000000d5e80000,0x00000000d5ea8000,0x00000000d5f00000)
  to   space 512K, 0% used [0x00000000d5e00000,0x00000000d5e00000,0x00000000d5e80000)
 ParOldGen       total 1398272K, used 1396580K [0x0000000080000000, 0x00000000d5580000, 0x00000000d5580000)
  object space 1398272K, 99% used [0x0000000080000000,0x00000000d53d9280,0x00000000d5580000)
 Metaspace       used 101272K, committed 103424K, reserved 1179648K
  class space    used 13358K, committed 14336K, reserved 1048576K
}
Event: 681.697 GC heap before
{Heap before GC invocations=1633 (full 9):
 PSYoungGen      total 9216K, used 7066K [0x00000000d5580000, 0x00000000d5f00000, 0x0000000100000000)
  eden space 8704K, 79% used [0x00000000d5580000,0x00000000d5c3e9d0,0x00000000d5e00000)
  from space 512K, 31% used [0x00000000d5e80000,0x00000000d5ea8000,0x00000000d5f00000)
  to   space 512K, 0% used [0x00000000d5e00000,0x00000000d5e00000,0x00000000d5e80000)
 ParOldGen       total 1398272K, used 1396580K [0x0000000080000000, 0x00000000d5580000, 0x00000000d5580000)
  object space 1398272K, 99% used [0x0000000080000000,0x00000000d53d9280,0x00000000d5580000)
 Metaspace       used 101272K, committed 103424K, reserved 1179648K
  class space    used 13358K, committed 14336K, reserved 1048576K
}
Event: 681.698 GC heap after
{Heap after GC invocations=1633 (full 9):
 PSYoungGen      total 9216K, used 224K [0x00000000d5580000, 0x00000000d5f00000, 0x0000000100000000)
  eden space 8704K, 0% used [0x00000000d5580000,0x00000000d5580000,0x00000000d5e00000)
  from space 512K, 43% used [0x00000000d5e00000,0x00000000d5e38000,0x00000000d5e80000)
  to   space 512K, 0% used [0x00000000d5e80000,0x00000000d5e80000,0x00000000d5f00000)
 ParOldGen       total 1398272K, used 1396620K [0x0000000080000000, 0x00000000d5580000, 0x00000000d5580000)
  object space 1398272K, 99% used [0x0000000080000000,0x00000000d53e3280,0x00000000d5580000)
 Metaspace       used 101272K, committed 103424K, reserved 1179648K
  class space    used 13358K, committed 14336K, reserved 1048576K
}
Event: 681.706 GC heap before
{Heap before GC invocations=1634 (full 9):
 PSYoungGen      total 9216K, used 7130K [0x00000000d5580000, 0x00000000d5f00000, 0x0000000100000000)
  eden space 8704K, 79% used [0x00000000d5580000,0x00000000d5c3eb50,0x00000000d5e00000)
  from space 512K, 43% used [0x00000000d5e00000,0x00000000d5e38000,0x00000000d5e80000)
  to   space 512K, 0% used [0x00000000d5e80000,0x00000000d5e80000,0x00000000d5f00000)
 ParOldGen       total 1398272K, used 1396620K [0x0000000080000000, 0x00000000d5580000, 0x00000000d5580000)
  object space 1398272K, 99% used [0x0000000080000000,0x00000000d53e3280,0x00000000d5580000)
 Metaspace       used 101272K, committed 103424K, reserved 1179648K
  class space    used 13358K, committed 14336K, reserved 1048576K
}
Event: 681.708 GC heap after
{Heap after GC invocations=1634 (full 9):
 PSYoungGen      total 9216K, used 256K [0x00000000d5580000, 0x00000000d5f00000, 0x0000000100000000)
  eden space 8704K, 0% used [0x00000000d5580000,0x00000000d5580000,0x00000000d5e00000)
  from space 512K, 50% used [0x00000000d5e80000,0x00000000d5ec0000,0x00000000d5f00000)
  to   space 512K, 0% used [0x00000000d5e00000,0x00000000d5e00000,0x00000000d5e80000)
 ParOldGen       total 1398272K, used 1396684K [0x0000000080000000, 0x00000000d5580000, 0x00000000d5580000)
  object space 1398272K, 99% used [0x0000000080000000,0x00000000d53f3280,0x00000000d5580000)
 Metaspace       used 101272K, committed 103424K, reserved 1179648K
  class space    used 13358K, committed 14336K, reserved 1048576K
}
Event: 681.718 GC heap before
{Heap before GC invocations=1635 (full 9):
 PSYoungGen      total 9216K, used 7163K [0x00000000d5580000, 0x00000000d5f00000, 0x0000000100000000)
  eden space 8704K, 79% used [0x00000000d5580000,0x00000000d5c3ec20,0x00000000d5e00000)
  from space 512K, 50% used [0x00000000d5e80000,0x00000000d5ec0000,0x00000000d5f00000)
  to   space 512K, 0% used [0x00000000d5e00000,0x00000000d5e00000,0x00000000d5e80000)
 ParOldGen       total 1398272K, used 1396684K [0x0000000080000000, 0x00000000d5580000, 0x00000000d5580000)
  object space 1398272K, 99% used [0x0000000080000000,0x00000000d53f3280,0x00000000d5580000)
 Metaspace       used 101272K, committed 103424K, reserved 1179648K
  class space    used 13358K, committed 14336K, reserved 1048576K
}
Event: 681.720 GC heap after
{Heap after GC invocations=1635 (full 9):
 PSYoungGen      total 9216K, used 128K [0x00000000d5580000, 0x00000000d5f00000, 0x0000000100000000)
  eden space 8704K, 0% used [0x00000000d5580000,0x00000000d5580000,0x00000000d5e00000)
  from space 512K, 25% used [0x00000000d5e00000,0x00000000d5e20000,0x00000000d5e80000)
  to   space 512K, 0% used [0x00000000d5e80000,0x00000000d5e80000,0x00000000d5f00000)
 ParOldGen       total 1398272K, used 1396684K [0x0000000080000000, 0x00000000d5580000, 0x00000000d5580000)
  object space 1398272K, 99% used [0x0000000080000000,0x00000000d53f3280,0x00000000d5580000)
 Metaspace       used 101272K, committed 103424K, reserved 1179648K
  class space    used 13358K, committed 14336K, reserved 1048576K
}
Event: 681.730 GC heap before
{Heap before GC invocations=1636 (full 9):
 PSYoungGen      total 9216K, used 7035K [0x00000000d5580000, 0x00000000d5f00000, 0x0000000100000000)
  eden space 8704K, 79% used [0x00000000d5580000,0x00000000d5c3ec70,0x00000000d5e00000)
  from space 512K, 25% used [0x00000000d5e00000,0x00000000d5e20000,0x00000000d5e80000)
  to   space 512K, 0% used [0x00000000d5e80000,0x00000000d5e80000,0x00000000d5f00000)
 ParOldGen       total 1398272K, used 1396684K [0x0000000080000000, 0x00000000d5580000, 0x00000000d5580000)
  object space 1398272K, 99% used [0x0000000080000000,0x00000000d53f3280,0x00000000d5580000)
 Metaspace       used 101272K, committed 103424K, reserved 1179648K
  class space    used 13358K, committed 14336K, reserved 1048576K
}
Event: 681.731 GC heap after
{Heap after GC invocations=1636 (full 9):
 PSYoungGen      total 9216K, used 160K [0x00000000d5580000, 0x00000000d5f00000, 0x0000000100000000)
  eden space 8704K, 0% used [0x00000000d5580000,0x00000000d5580000,0x00000000d5e00000)
  from space 512K, 31% used [0x00000000d5e80000,0x00000000d5ea8000,0x00000000d5f00000)
  to   space 512K, 0% used [0x00000000d5e00000,0x00000000d5e00000,0x00000000d5e80000)
 ParOldGen       total 1398272K, used 1396716K [0x0000000080000000, 0x00000000d5580000, 0x00000000d5580000)
  object space 1398272K, 99% used [0x0000000080000000,0x00000000d53fb280,0x00000000d5580000)
 Metaspace       used 101272K, committed 103424K, reserved 1179648K
  class space    used 13358K, committed 14336K, reserved 1048576K
}
Event: 681.740 GC heap before
{Heap before GC invocations=1637 (full 9):
 PSYoungGen      total 9216K, used 7067K [0x00000000d5580000, 0x00000000d5f00000, 0x0000000100000000)
  eden space 8704K, 79% used [0x00000000d5580000,0x00000000d5c3ed00,0x00000000d5e00000)
  from space 512K, 31% used [0x00000000d5e80000,0x00000000d5ea8000,0x00000000d5f00000)
  to   space 512K, 0% used [0x00000000d5e00000,0x00000000d5e00000,0x00000000d5e80000)
 ParOldGen       total 1398272K, used 1396716K [0x0000000080000000, 0x00000000d5580000, 0x00000000d5580000)
  object space 1398272K, 99% used [0x0000000080000000,0x00000000d53fb280,0x00000000d5580000)
 Metaspace       used 101272K, committed 103424K, reserved 1179648K
  class space    used 13358K, committed 14336K, reserved 1048576K
}
Event: 681.742 GC heap after
{Heap after GC invocations=1637 (full 9):
 PSYoungGen      total 9216K, used 192K [0x00000000d5580000, 0x00000000d5f00000, 0x0000000100000000)
  eden space 8704K, 0% used [0x00000000d5580000,0x00000000d5580000,0x00000000d5e00000)
  from space 512K, 37% used [0x00000000d5e00000,0x00000000d5e30000,0x00000000d5e80000)
  to   space 512K, 0% used [0x00000000d5e80000,0x00000000d5e80000,0x00000000d5f00000)
 ParOldGen       total 1398272K, used 1396764K [0x0000000080000000, 0x00000000d5580000, 0x00000000d5580000)
  object space 1398272K, 99% used [0x0000000080000000,0x00000000d5407280,0x00000000d5580000)
 Metaspace       used 101272K, committed 103424K, reserved 1179648K
  class space    used 13358K, committed 14336K, reserved 1048576K
}
Event: 681.750 GC heap before
{Heap before GC invocations=1638 (full 9):
 PSYoungGen      total 9216K, used 7099K [0x00000000d5580000, 0x00000000d5f00000, 0x0000000100000000)
  eden space 8704K, 79% used [0x00000000d5580000,0x00000000d5c3ed28,0x00000000d5e00000)
  from space 512K, 37% used [0x00000000d5e00000,0x00000000d5e30000,0x00000000d5e80000)
  to   space 512K, 0% used [0x00000000d5e80000,0x00000000d5e80000,0x00000000d5f00000)
 ParOldGen       total 1398272K, used 1396764K [0x0000000080000000, 0x00000000d5580000, 0x00000000d5580000)
  object space 1398272K, 99% used [0x0000000080000000,0x00000000d5407280,0x00000000d5580000)
 Metaspace       used 101272K, committed 103424K, reserved 1179648K
  class space    used 13358K, committed 14336K, reserved 1048576K
}
Event: 681.751 GC heap after
{Heap after GC invocations=1638 (full 9):
 PSYoungGen      total 9216K, used 256K [0x00000000d5580000, 0x00000000d5f00000, 0x0000000100000000)
  eden space 8704K, 0% used [0x00000000d5580000,0x00000000d5580000,0x00000000d5e00000)
  from space 512K, 50% used [0x00000000d5e80000,0x00000000d5ec0000,0x00000000d5f00000)
  to   space 512K, 0% used [0x00000000d5e00000,0x00000000d5e00000,0x00000000d5e80000)
 ParOldGen       total 1398272K, used 1396764K [0x0000000080000000, 0x00000000d5580000, 0x00000000d5580000)
  object space 1398272K, 99% used [0x0000000080000000,0x00000000d5407280,0x00000000d5580000)
 Metaspace       used 101272K, committed 103424K, reserved 1179648K
  class space    used 13358K, committed 14336K, reserved 1048576K
}
Event: 682.752 GC heap before
{Heap before GC invocations=1639 (full 9):
 PSYoungGen      total 9216K, used 7163K [0x00000000d5580000, 0x00000000d5f00000, 0x0000000100000000)
  eden space 8704K, 79% used [0x00000000d5580000,0x00000000d5c3ed58,0x00000000d5e00000)
  from space 512K, 50% used [0x00000000d5e80000,0x00000000d5ec0000,0x00000000d5f00000)
  to   space 512K, 0% used [0x00000000d5e00000,0x00000000d5e00000,0x00000000d5e80000)
 ParOldGen       total 1398272K, used 1396764K [0x0000000080000000, 0x00000000d5580000, 0x00000000d5580000)
  object space 1398272K, 99% used [0x0000000080000000,0x00000000d5407280,0x00000000d5580000)
 Metaspace       used 101272K, committed 103424K, reserved 1179648K
  class space    used 13358K, committed 14336K, reserved 1048576K
}

