# JRE version: OpenJDK Runtime Environment Temurin-17.0.18+8 (17.0.18+8) (build 17.0.18+8)
# Java VM: OpenJDK 64-Bit Server VM Temurin-17.0.18+8 (17.0.18+8, mixed mode, sharing, tiered, compressed oops, compressed class ptrs, g1 gc, windows-amd64)
GC Precious Log:
 CPUs: 12 total, 12 available
 Memory: 24297M
 Large Page Support: Disabled
 NUMA Support: Disabled
 Compressed Oops: Enabled (32-bit)
 Heap Region Size: 1M
 Heap Min Capacity: 8M
 Heap Initial Capacity: 380M
 Heap Max Capacity: 2G
 Pre-touch: Disabled
 Parallel Workers: 10
 Concurrent Workers: 3
 Concurrent Refinement Workers: 10
 Periodic GC: Disabled
Heap:
 garbage-first heap   total 195584K, used 108380K [0x0000000080000000, 0x0000000100000000)
  region size 1024K, 13 young (13312K), 7 survivors (7168K)
 Metaspace       used 86379K, committed 87360K, reserved 557056K
  class space    used 12002K, committed 12480K, reserved 425984K
GC Heap History (20 events):
Event: 17.292 GC heap before
{Heap before GC invocations=29 (full 0):
 garbage-first heap   total 106496K, used 76997K [0x0000000080000000, 0x0000000100000000)
  region size 1024K, 17 young (17408K), 1 survivors (1024K)
 Metaspace       used 58358K, committed 59072K, reserved 491520K
  class space    used 8203K, committed 8512K, reserved 425984K
}
Event: 17.294 GC heap after
{Heap after GC invocations=30 (full 0):
 garbage-first heap   total 106496K, used 61091K [0x0000000080000000, 0x0000000100000000)
  region size 1024K, 2 young (2048K), 2 survivors (2048K)
 Metaspace       used 58358K, committed 59072K, reserved 491520K
  class space    used 8203K, committed 8512K, reserved 425984K
}
Event: 17.374 GC heap before
{Heap before GC invocations=30 (full 0):
 garbage-first heap   total 106496K, used 64163K [0x0000000080000000, 0x0000000100000000)
  region size 1024K, 5 young (5120K), 2 survivors (2048K)
 Metaspace       used 58660K, committed 59328K, reserved 491520K
  class space    used 8229K, committed 8512K, reserved 425984K
}
Event: 17.376 GC heap after
{Heap after GC invocations=31 (full 0):
 garbage-first heap   total 106496K, used 61044K [0x0000000080000000, 0x0000000100000000)
  region size 1024K, 1 young (1024K), 1 survivors (1024K)
 Metaspace       used 58660K, committed 59328K, reserved 491520K
  class space    used 8229K, committed 8512K, reserved 425984K
}
Event: 17.700 GC heap before
{Heap before GC invocations=31 (full 0):
 garbage-first heap   total 106496K, used 80500K [0x0000000080000000, 0x0000000100000000)
  region size 1024K, 20 young (20480K), 1 survivors (1024K)
 Metaspace       used 59838K, committed 60480K, reserved 491520K
  class space    used 8389K, committed 8704K, reserved 425984K
}
Event: 17.704 GC heap after
{Heap after GC invocations=32 (full 0):
 garbage-first heap   total 195584K, used 61456K [0x0000000080000000, 0x0000000100000000)
  region size 1024K, 2 young (2048K), 2 survivors (2048K)
 Metaspace       used 59838K, committed 60480K, reserved 491520K
  class space    used 8389K, committed 8704K, reserved 425984K
}
Event: 19.388 GC heap before
{Heap before GC invocations=32 (full 0):
 garbage-first heap   total 195584K, used 133136K [0x0000000080000000, 0x0000000100000000)
  region size 1024K, 69 young (70656K), 2 survivors (2048K)
 Metaspace       used 64630K, committed 65408K, reserved 491520K
  class space    used 9150K, committed 9536K, reserved 425984K
}
Event: 19.393 GC heap after
{Heap after GC invocations=33 (full 0):
 garbage-first heap   total 195584K, used 67096K [0x0000000080000000, 0x0000000100000000)
  region size 1024K, 4 young (4096K), 4 survivors (4096K)
 Metaspace       used 64630K, committed 65408K, reserved 491520K
  class space    used 9150K, committed 9536K, reserved 425984K
}
Event: 21.203 GC heap before
{Heap before GC invocations=33 (full 0):
 garbage-first heap   total 195584K, used 137752K [0x0000000080000000, 0x0000000100000000)
  region size 1024K, 73 young (74752K), 4 survivors (4096K)
 Metaspace       used 66486K, committed 67328K, reserved 491520K
  class space    used 9355K, committed 9792K, reserved 425984K
}
Event: 21.210 GC heap after
{Heap after GC invocations=34 (full 0):
 garbage-first heap   total 195584K, used 73454K [0x0000000080000000, 0x0000000100000000)
  region size 1024K, 10 young (10240K), 10 survivors (10240K)
 Metaspace       used 66486K, committed 67328K, reserved 491520K
  class space    used 9355K, committed 9792K, reserved 425984K
}
Event: 22.221 GC heap before
{Heap before GC invocations=34 (full 0):
 garbage-first heap   total 195584K, used 148206K [0x0000000080000000, 0x0000000100000000)
  region size 1024K, 77 young (78848K), 10 survivors (10240K)
 Metaspace       used 69784K, committed 70720K, reserved 491520K
  class space    used 9768K, committed 10240K, reserved 425984K
}
Event: 22.230 GC heap after
{Heap after GC invocations=35 (full 0):
 garbage-first heap   total 195584K, used 84284K [0x0000000080000000, 0x0000000100000000)
  region size 1024K, 8 young (8192K), 8 survivors (8192K)
 Metaspace       used 69784K, committed 70720K, reserved 491520K
  class space    used 9768K, committed 10240K, reserved 425984K
}
Event: 23.725 GC heap before
{Heap before GC invocations=35 (full 0):
 garbage-first heap   total 195584K, used 145724K [0x0000000080000000, 0x0000000100000000)
  region size 1024K, 68 young (69632K), 8 survivors (8192K)
 Metaspace       used 73274K, committed 74176K, reserved 491520K
  class space    used 10267K, committed 10688K, reserved 425984K
}
Event: 23.731 GC heap after
{Heap after GC invocations=36 (full 0):
 garbage-first heap   total 195584K, used 87345K [0x0000000080000000, 0x0000000100000000)
  region size 1024K, 6 young (6144K), 6 survivors (6144K)
 Metaspace       used 73274K, committed 74176K, reserved 491520K
  class space    used 10267K, committed 10688K, reserved 425984K
}
Event: 35.039 GC heap before
{Heap before GC invocations=36 (full 0):
 garbage-first heap   total 195584K, used 148785K [0x0000000080000000, 0x0000000100000000)
  region size 1024K, 67 young (68608K), 6 survivors (6144K)
 Metaspace       used 75453K, committed 76416K, reserved 557056K
  class space    used 10579K, committed 11008K, reserved 425984K
}
Event: 35.045 GC heap after
{Heap after GC invocations=37 (full 0):
 garbage-first heap   total 195584K, used 89152K [0x0000000080000000, 0x0000000100000000)
  region size 1024K, 5 young (5120K), 5 survivors (5120K)
 Metaspace       used 75453K, committed 76416K, reserved 557056K
  class space    used 10579K, committed 11008K, reserved 425984K
}
Event: 36.496 GC heap before
{Heap before GC invocations=37 (full 0):
 garbage-first heap   total 195584K, used 151616K [0x0000000080000000, 0x0000000100000000)
  region size 1024K, 66 young (67584K), 5 survivors (5120K)
 Metaspace       used 79730K, committed 80704K, reserved 557056K
  class space    used 11330K, committed 11840K, reserved 425984K
}
Event: 36.506 GC heap after
{Heap after GC invocations=38 (full 0):
 garbage-first heap   total 195584K, used 96311K [0x0000000080000000, 0x0000000100000000)
  region size 1024K, 9 young (9216K), 9 survivors (9216K)
 Metaspace       used 79730K, committed 80704K, reserved 557056K
  class space    used 11330K, committed 11840K, reserved 425984K
}
Event: 39.655 GC heap before
{Heap before GC invocations=38 (full 0):
 garbage-first heap   total 195584K, used 153655K [0x0000000080000000, 0x0000000100000000)
  region size 1024K, 64 young (65536K), 9 survivors (9216K)
 Metaspace       used 85918K, committed 86912K, reserved 557056K
  class space    used 11936K, committed 12416K, reserved 425984K
}
Event: 39.665 GC heap after
{Heap after GC invocations=39 (full 0):
 garbage-first heap   total 195584K, used 103260K [0x0000000080000000, 0x0000000100000000)
  region size 1024K, 7 young (7168K), 7 survivors (7168K)
 Metaspace       used 85918K, committed 86912K, reserved 557056K
  class space    used 11936K, committed 12416K, reserved 425984K
}

