# JRE version: OpenJDK Runtime Environment Temurin-17.0.18+8 (17.0.18+8) (build 17.0.18+8)
# Java VM: OpenJDK 64-Bit Server VM Temurin-17.0.18+8 (17.0.18+8, mixed mode, sharing, tiered, compressed oops, compressed class ptrs, g1 gc, windows-amd64)
GC Precious Log:
 CPUs: 12 total, 12 available
 Memory: 24297M
 Large Page Support: Disabled
 NUMA Support: Disabled
 Compressed Oops: Enabled (32-bit)
 Heap Region Size: 1M
 Heap Min Capacity: 8M
 Heap Initial Capacity: 380M
 Heap Max Capacity: 2G
 Pre-touch: Disabled
 Parallel Workers: 10
 Concurrent Workers: 3
 Concurrent Refinement Workers: 10
 Periodic GC: Disabled
Heap:
 garbage-first heap   total 271360K, used 139012K [0x0000000080000000, 0x0000000100000000)
  region size 1024K, 2 young (2048K), 2 survivors (2048K)
 Metaspace       used 101061K, committed 102272K, reserved 557056K
  class space    used 13916K, committed 14464K, reserved 425984K
GC Heap History (20 events):
Event: 18.279 GC heap after
{Heap after GC invocations=27 (full 0):
 garbage-first heap   total 208896K, used 110567K [0x0000000080000000, 0x0000000100000000)
  region size 1024K, 2 young (2048K), 2 survivors (2048K)
 Metaspace       used 84585K, committed 85696K, reserved 557056K
  class space    used 11874K, committed 12416K, reserved 425984K
}
Event: 18.395 GC heap before
{Heap before GC invocations=27 (full 0):
 garbage-first heap   total 208896K, used 165863K [0x0000000080000000, 0x0000000100000000)
  region size 1024K, 57 young (58368K), 2 survivors (2048K)
 Metaspace       used 84599K, committed 85760K, reserved 557056K
  class space    used 11874K, committed 12416K, reserved 425984K
}
Event: 18.399 GC heap after
{Heap after GC invocations=28 (full 0):
 garbage-first heap   total 208896K, used 114350K [0x0000000080000000, 0x0000000100000000)
  region size 1024K, 6 young (6144K), 6 survivors (6144K)
 Metaspace       used 84599K, committed 85760K, reserved 557056K
  class space    used 11874K, committed 12416K, reserved 425984K
}
Event: 18.573 GC heap before
{Heap before GC invocations=29 (full 0):
 garbage-first heap   total 235520K, used 166574K [0x0000000080000000, 0x0000000100000000)
  region size 1024K, 58 young (59392K), 6 survivors (6144K)
 Metaspace       used 84600K, committed 85760K, reserved 557056K
  class space    used 11874K, committed 12416K, reserved 425984K
}
Event: 18.578 GC heap after
{Heap after GC invocations=30 (full 0):
 garbage-first heap   total 235520K, used 115907K [0x0000000080000000, 0x0000000100000000)
  region size 1024K, 6 young (6144K), 6 survivors (6144K)
 Metaspace       used 84600K, committed 85760K, reserved 557056K
  class space    used 11874K, committed 12416K, reserved 425984K
}
Event: 18.594 GC heap before
{Heap before GC invocations=30 (full 0):
 garbage-first heap   total 235520K, used 120003K [0x0000000080000000, 0x0000000100000000)
  region size 1024K, 11 young (11264K), 6 survivors (6144K)
 Metaspace       used 84600K, committed 85760K, reserved 557056K
  class space    used 11874K, committed 12416K, reserved 425984K
}
Event: 18.598 GC heap after
{Heap after GC invocations=31 (full 0):
 garbage-first heap   total 235520K, used 112898K [0x0000000080000000, 0x0000000100000000)
  region size 1024K, 2 young (2048K), 2 survivors (2048K)
 Metaspace       used 84600K, committed 85760K, reserved 557056K
  class space    used 11874K, committed 12416K, reserved 425984K
}
Event: 18.773 GC heap before
{Heap before GC invocations=31 (full 0):
 garbage-first heap   total 235520K, used 145666K [0x0000000080000000, 0x0000000100000000)
  region size 1024K, 35 young (35840K), 2 survivors (2048K)
 Metaspace       used 84652K, committed 85760K, reserved 557056K
  class space    used 11879K, committed 12416K, reserved 425984K
}
Event: 18.778 GC heap after
{Heap after GC invocations=32 (full 0):
 garbage-first heap   total 235520K, used 116068K [0x0000000080000000, 0x0000000100000000)
  region size 1024K, 6 young (6144K), 6 survivors (6144K)
 Metaspace       used 84652K, committed 85760K, reserved 557056K
  class space    used 11879K, committed 12416K, reserved 425984K
}
Event: 19.779 GC heap before
{Heap before GC invocations=33 (full 0):
 garbage-first heap   total 235520K, used 193892K [0x0000000080000000, 0x0000000100000000)
  region size 1024K, 76 young (77824K), 6 survivors (6144K)
 Metaspace       used 89193K, committed 90368K, reserved 557056K
  class space    used 12377K, committed 12928K, reserved 425984K
}
Event: 19.785 GC heap after
{Heap after GC invocations=34 (full 0):
 garbage-first heap   total 235520K, used 129293K [0x0000000080000000, 0x0000000100000000)
  region size 1024K, 10 young (10240K), 10 survivors (10240K)
 Metaspace       used 89193K, committed 90368K, reserved 557056K
  class space    used 12377K, committed 12928K, reserved 425984K
}
Event: 19.794 GC heap before
{Heap before GC invocations=34 (full 0):
 garbage-first heap   total 235520K, used 129293K [0x0000000080000000, 0x0000000100000000)
  region size 1024K, 11 young (11264K), 10 survivors (10240K)
 Metaspace       used 89267K, committed 90432K, reserved 557056K
  class space    used 12386K, committed 12928K, reserved 425984K
}
Event: 19.799 GC heap after
{Heap after GC invocations=35 (full 0):
 garbage-first heap   total 235520K, used 128773K [0x0000000080000000, 0x0000000100000000)
  region size 1024K, 1 young (1024K), 1 survivors (1024K)
 Metaspace       used 89267K, committed 90432K, reserved 557056K
  class space    used 12386K, committed 12928K, reserved 425984K
}
Event: 20.436 GC heap before
{Heap before GC invocations=35 (full 0):
 garbage-first heap   total 235520K, used 197381K [0x0000000080000000, 0x0000000100000000)
  region size 1024K, 63 young (64512K), 1 survivors (1024K)
 Metaspace       used 93816K, committed 94976K, reserved 557056K
  class space    used 12908K, committed 13440K, reserved 425984K
}
Event: 20.440 GC heap after
{Heap after GC invocations=36 (full 0):
 garbage-first heap   total 235520K, used 133717K [0x0000000080000000, 0x0000000100000000)
  region size 1024K, 5 young (5120K), 5 survivors (5120K)
 Metaspace       used 93816K, committed 94976K, reserved 557056K
  class space    used 12908K, committed 13440K, reserved 425984K
}
Event: 21.103 GC heap before
{Heap before GC invocations=37 (full 0):
 garbage-first heap   total 235520K, used 195157K [0x0000000080000000, 0x0000000100000000)
  region size 1024K, 63 young (64512K), 5 survivors (5120K)
 Metaspace       used 97205K, committed 98368K, reserved 557056K
  class space    used 13356K, committed 13888K, reserved 425984K
}
Event: 21.107 GC heap after
{Heap after GC invocations=38 (full 0):
 garbage-first heap   total 235520K, used 138575K [0x0000000080000000, 0x0000000100000000)
  region size 1024K, 3 young (3072K), 3 survivors (3072K)
 Metaspace       used 97205K, committed 98368K, reserved 557056K
  class space    used 13356K, committed 13888K, reserved 425984K
}
Event: 21.199 GC heap before
{Heap before GC invocations=38 (full 0):
 garbage-first heap   total 235520K, used 146767K [0x0000000080000000, 0x0000000100000000)
  region size 1024K, 11 young (11264K), 3 survivors (3072K)
 Metaspace       used 97647K, committed 98880K, reserved 557056K
  class space    used 13426K, committed 14016K, reserved 425984K
}
Event: 21.203 GC heap after
{Heap after GC invocations=39 (full 0):
 garbage-first heap   total 235520K, used 137872K [0x0000000080000000, 0x0000000100000000)
  region size 1024K, 1 young (1024K), 1 survivors (1024K)
 Metaspace       used 97647K, committed 98880K, reserved 557056K
  class space    used 13426K, committed 14016K, reserved 425984K
}
Event: 21.738 GC heap before
{Heap before GC invocations=39 (full 0):
 garbage-first heap   total 235520K, used 197264K [0x0000000080000000, 0x0000000100000000)
  region size 1024K, 59 young (60416K), 1 survivors (1024K)
 Metaspace       used 101061K, committed 102272K, reserved 557056K
  class space    used 13916K, committed 14464K, reserved 425984K
}

